<?xml version="1.0" encoding="UTF-8"?>
<testsuite name="DefinitionTest" tests="5" skipped="0" failures="0" errors="0" timestamp="2016-05-17T18:18:01" hostname="epicodus-117.local" time="0.001">
  <properties/>
  <testcase name="getId_definitionsInstantiateWithAnId" classname="DefinitionTest" time="0.0"/>
  <testcase name="find_returnsDefinitionsWithSameId" classname="DefinitionTest" time="0.001"/>
  <testcase name="all_returnsAllInstancesOfDefinition_true" classname="DefinitionTest" time="0.0"/>
  <testcase name="getDefinition_getsDefinitionInput" classname="DefinitionTest" time="0.0"/>
  <testcase name="Definition_instantiatesCorrectly_true" classname="DefinitionTest" time="0.0"/>
  <system-out><![CDATA[]]></system-out>
  <system-err><![CDATA[]]></system-err>
</testsuite>
