<?xml version="1.0" encoding="UTF-8"?>
<testsuite name="AppTest" tests="5" skipped="0" failures="0" errors="0" timestamp="2016-05-17T18:18:00" hostname="epicodus-117.local" time="1.639">
  <properties/>
  <testcase name="rootTest" classname="AppTest" time="0.292"/>
  <testcase name="word" classname="AppTest" time="0.909"/>
  <testcase name="words" classname="AppTest" time="0.158"/>
  <testcase name="dictionary" classname="AppTest" time="0.114"/>
  <testcase name="newWord" classname="AppTest" time="0.149"/>
  <system-out><![CDATA[]]></system-out>
  <system-err><![CDATA[[Thread-4] INFO org.eclipse.jetty.util.log - Logging initialized @521ms
[Thread-4] INFO spark.webserver.JettySparkServer - == Spark has ignited ...
[Thread-4] INFO spark.webserver.JettySparkServer - >> Listening on 0.0.0.0:4567
[Thread-4] INFO org.eclipse.jetty.server.Server - jetty-9.3.2.v20150730
[Thread-4] INFO org.eclipse.jetty.server.ServerConnector - Started ServerConnector@4ba848cb{HTTP/1.1,[http/1.1]}{0.0.0.0:4567}
[Thread-4] INFO org.eclipse.jetty.server.Server - Started @619ms
May 17, 2016 11:18:00 AM com.gargoylesoftware.htmlunit.DefaultCssErrorHandler error
WARNING: CSS error: 'http://localhost:4567/skeleton.css' [45:8] Error in media list. (Invalid token "(". Was expecting one of: <S>, <IDENT>.)
May 17, 2016 11:18:00 AM com.gargoylesoftware.htmlunit.DefaultCssErrorHandler error
WARNING: CSS error: 'http://localhost:4567/skeleton.css' [52:8] Error in media list. (Invalid token "(". Was expecting one of: <S>, <IDENT>.)
May 17, 2016 11:18:00 AM com.gargoylesoftware.htmlunit.DefaultCssErrorHandler error
WARNING: CSS error: 'http://localhost:4567/skeleton.css' [145:8] Error in media list. (Invalid token "(". Was expecting one of: <S>, <IDENT>.)
May 17, 2016 11:18:00 AM com.gargoylesoftware.htmlunit.DefaultCssErrorHandler error
WARNING: CSS error: 'http://localhost:4567/skeleton.css' [406:8] Error in media list. (Invalid token "(". Was expecting one of: <S>, <IDENT>.)
May 17, 2016 11:18:00 AM com.gargoylesoftware.htmlunit.DefaultCssErrorHandler error
WARNING: CSS error: 'http://localhost:4567/skeleton.css' [409:8] Error in media list. (Invalid token "(". Was expecting one of: <S>, <IDENT>.)
May 17, 2016 11:18:00 AM com.gargoylesoftware.htmlunit.DefaultCssErrorHandler error
WARNING: CSS error: 'http://localhost:4567/skeleton.css' [412:8] Error in media list. (Invalid token "(". Was expecting one of: <S>, <IDENT>.)
May 17, 2016 11:18:00 AM com.gargoylesoftware.htmlunit.DefaultCssErrorHandler error
WARNING: CSS error: 'http://localhost:4567/skeleton.css' [415:8] Error in media list. (Invalid token "(". Was expecting one of: <S>, <IDENT>.)
May 17, 2016 11:18:00 AM com.gargoylesoftware.htmlunit.DefaultCssErrorHandler error
WARNING: CSS error: 'http://localhost:4567/skeleton.css' [418:8] Error in media list. (Invalid token "(". Was expecting one of: <S>, <IDENT>.)
May 17, 2016 11:18:01 AM com.gargoylesoftware.htmlunit.DefaultCssErrorHandler error
WARNING: CSS error: 'http://localhost:4567/skeleton.css' [45:8] Error in media list. (Invalid token "(". Was expecting one of: <S>, <IDENT>.)
May 17, 2016 11:18:01 AM com.gargoylesoftware.htmlunit.DefaultCssErrorHandler error
WARNING: CSS error: 'http://localhost:4567/skeleton.css' [52:8] Error in media list. (Invalid token "(". Was expecting one of: <S>, <IDENT>.)
May 17, 2016 11:18:01 AM com.gargoylesoftware.htmlunit.DefaultCssErrorHandler error
WARNING: CSS error: 'http://localhost:4567/skeleton.css' [145:8] Error in media list. (Invalid token "(". Was expecting one of: <S>, <IDENT>.)
May 17, 2016 11:18:01 AM com.gargoylesoftware.htmlunit.DefaultCssErrorHandler error
WARNING: CSS error: 'http://localhost:4567/skeleton.css' [406:8] Error in media list. (Invalid token "(". Was expecting one of: <S>, <IDENT>.)
May 17, 2016 11:18:01 AM com.gargoylesoftware.htmlunit.DefaultCssErrorHandler error
WARNING: CSS error: 'http://localhost:4567/skeleton.css' [409:8] Error in media list. (Invalid token "(". Was expecting one of: <S>, <IDENT>.)
May 17, 2016 11:18:01 AM com.gargoylesoftware.htmlunit.DefaultCssErrorHandler error
WARNING: CSS error: 'http://localhost:4567/skeleton.css' [412:8] Error in media list. (Invalid token "(". Was expecting one of: <S>, <IDENT>.)
May 17, 2016 11:18:01 AM com.gargoylesoftware.htmlunit.DefaultCssErrorHandler error
WARNING: CSS error: 'http://localhost:4567/skeleton.css' [415:8] Error in media list. (Invalid token "(". Was expecting one of: <S>, <IDENT>.)
May 17, 2016 11:18:01 AM com.gargoylesoftware.htmlunit.DefaultCssErrorHandler error
WARNING: CSS error: 'http://localhost:4567/skeleton.css' [418:8] Error in media list. (Invalid token "(". Was expecting one of: <S>, <IDENT>.)
May 17, 2016 11:18:01 AM com.gargoylesoftware.htmlunit.DefaultCssErrorHandler error
WARNING: CSS error: 'http://localhost:4567/skeleton.css' [45:8] Error in media list. (Invalid token "(". Was expecting one of: <S>, <IDENT>.)
May 17, 2016 11:18:01 AM com.gargoylesoftware.htmlunit.DefaultCssErrorHandler error
WARNING: CSS error: 'http://localhost:4567/skeleton.css' [52:8] Error in media list. (Invalid token "(". Was expecting one of: <S>, <IDENT>.)
May 17, 2016 11:18:01 AM com.gargoylesoftware.htmlunit.DefaultCssErrorHandler error
WARNING: CSS error: 'http://localhost:4567/skeleton.css' [145:8] Error in media list. (Invalid token "(". Was expecting one of: <S>, <IDENT>.)
May 17, 2016 11:18:01 AM com.gargoylesoftware.htmlunit.DefaultCssErrorHandler error
WARNING: CSS error: 'http://localhost:4567/skeleton.css' [406:8] Error in media list. (Invalid token "(". Was expecting one of: <S>, <IDENT>.)
May 17, 2016 11:18:01 AM com.gargoylesoftware.htmlunit.DefaultCssErrorHandler error
WARNING: CSS error: 'http://localhost:4567/skeleton.css' [409:8] Error in media list. (Invalid token "(". Was expecting one of: <S>, <IDENT>.)
May 17, 2016 11:18:01 AM com.gargoylesoftware.htmlunit.DefaultCssErrorHandler error
WARNING: CSS error: 'http://localhost:4567/skeleton.css' [412:8] Error in media list. (Invalid token "(". Was expecting one of: <S>, <IDENT>.)
May 17, 2016 11:18:01 AM com.gargoylesoftware.htmlunit.DefaultCssErrorHandler error
WARNING: CSS error: 'http://localhost:4567/skeleton.css' [415:8] Error in media list. (Invalid token "(". Was expecting one of: <S>, <IDENT>.)
May 17, 2016 11:18:01 AM com.gargoylesoftware.htmlunit.DefaultCssErrorHandler error
WARNING: CSS error: 'http://localhost:4567/skeleton.css' [418:8] Error in media list. (Invalid token "(". Was expecting one of: <S>, <IDENT>.)
May 17, 2016 11:18:01 AM com.gargoylesoftware.htmlunit.DefaultCssErrorHandler error
WARNING: CSS error: 'http://localhost:4567/skeleton.css' [45:8] Error in media list. (Invalid token "(". Was expecting one of: <S>, <IDENT>.)
May 17, 2016 11:18:01 AM com.gargoylesoftware.htmlunit.DefaultCssErrorHandler error
WARNING: CSS error: 'http://localhost:4567/skeleton.css' [52:8] Error in media list. (Invalid token "(". Was expecting one of: <S>, <IDENT>.)
May 17, 2016 11:18:01 AM com.gargoylesoftware.htmlunit.DefaultCssErrorHandler error
WARNING: CSS error: 'http://localhost:4567/skeleton.css' [145:8] Error in media list. (Invalid token "(". Was expecting one of: <S>, <IDENT>.)
May 17, 2016 11:18:01 AM com.gargoylesoftware.htmlunit.DefaultCssErrorHandler error
WARNING: CSS error: 'http://localhost:4567/skeleton.css' [406:8] Error in media list. (Invalid token "(". Was expecting one of: <S>, <IDENT>.)
May 17, 2016 11:18:01 AM com.gargoylesoftware.htmlunit.DefaultCssErrorHandler error
WARNING: CSS error: 'http://localhost:4567/skeleton.css' [409:8] Error in media list. (Invalid token "(". Was expecting one of: <S>, <IDENT>.)
May 17, 2016 11:18:01 AM com.gargoylesoftware.htmlunit.DefaultCssErrorHandler error
WARNING: CSS error: 'http://localhost:4567/skeleton.css' [412:8] Error in media list. (Invalid token "(". Was expecting one of: <S>, <IDENT>.)
May 17, 2016 11:18:01 AM com.gargoylesoftware.htmlunit.DefaultCssErrorHandler error
WARNING: CSS error: 'http://localhost:4567/skeleton.css' [415:8] Error in media list. (Invalid token "(". Was expecting one of: <S>, <IDENT>.)
May 17, 2016 11:18:01 AM com.gargoylesoftware.htmlunit.DefaultCssErrorHandler error
WARNING: CSS error: 'http://localhost:4567/skeleton.css' [418:8] Error in media list. (Invalid token "(". Was expecting one of: <S>, <IDENT>.)
May 17, 2016 11:18:01 AM com.gargoylesoftware.htmlunit.DefaultCssErrorHandler error
WARNING: CSS error: 'http://localhost:4567/skeleton.css' [45:8] Error in media list. (Invalid token "(". Was expecting one of: <S>, <IDENT>.)
May 17, 2016 11:18:01 AM com.gargoylesoftware.htmlunit.DefaultCssErrorHandler error
WARNING: CSS error: 'http://localhost:4567/skeleton.css' [52:8] Error in media list. (Invalid token "(". Was expecting one of: <S>, <IDENT>.)
May 17, 2016 11:18:01 AM com.gargoylesoftware.htmlunit.DefaultCssErrorHandler error
WARNING: CSS error: 'http://localhost:4567/skeleton.css' [145:8] Error in media list. (Invalid token "(". Was expecting one of: <S>, <IDENT>.)
May 17, 2016 11:18:01 AM com.gargoylesoftware.htmlunit.DefaultCssErrorHandler error
WARNING: CSS error: 'http://localhost:4567/skeleton.css' [406:8] Error in media list. (Invalid token "(". Was expecting one of: <S>, <IDENT>.)
May 17, 2016 11:18:01 AM com.gargoylesoftware.htmlunit.DefaultCssErrorHandler error
WARNING: CSS error: 'http://localhost:4567/skeleton.css' [409:8] Error in media list. (Invalid token "(". Was expecting one of: <S>, <IDENT>.)
May 17, 2016 11:18:01 AM com.gargoylesoftware.htmlunit.DefaultCssErrorHandler error
WARNING: CSS error: 'http://localhost:4567/skeleton.css' [412:8] Error in media list. (Invalid token "(". Was expecting one of: <S>, <IDENT>.)
May 17, 2016 11:18:01 AM com.gargoylesoftware.htmlunit.DefaultCssErrorHandler error
WARNING: CSS error: 'http://localhost:4567/skeleton.css' [415:8] Error in media list. (Invalid token "(". Was expecting one of: <S>, <IDENT>.)
May 17, 2016 11:18:01 AM com.gargoylesoftware.htmlunit.DefaultCssErrorHandler error
WARNING: CSS error: 'http://localhost:4567/skeleton.css' [418:8] Error in media list. (Invalid token "(". Was expecting one of: <S>, <IDENT>.)
May 17, 2016 11:18:01 AM com.gargoylesoftware.htmlunit.DefaultCssErrorHandler error
WARNING: CSS error: 'http://localhost:4567/skeleton.css' [45:8] Error in media list. (Invalid token "(". Was expecting one of: <S>, <IDENT>.)
May 17, 2016 11:18:01 AM com.gargoylesoftware.htmlunit.DefaultCssErrorHandler error
WARNING: CSS error: 'http://localhost:4567/skeleton.css' [52:8] Error in media list. (Invalid token "(". Was expecting one of: <S>, <IDENT>.)
May 17, 2016 11:18:01 AM com.gargoylesoftware.htmlunit.DefaultCssErrorHandler error
WARNING: CSS error: 'http://localhost:4567/skeleton.css' [145:8] Error in media list. (Invalid token "(". Was expecting one of: <S>, <IDENT>.)
May 17, 2016 11:18:01 AM com.gargoylesoftware.htmlunit.DefaultCssErrorHandler error
WARNING: CSS error: 'http://localhost:4567/skeleton.css' [406:8] Error in media list. (Invalid token "(". Was expecting one of: <S>, <IDENT>.)
May 17, 2016 11:18:01 AM com.gargoylesoftware.htmlunit.DefaultCssErrorHandler error
WARNING: CSS error: 'http://localhost:4567/skeleton.css' [409:8] Error in media list. (Invalid token "(". Was expecting one of: <S>, <IDENT>.)
May 17, 2016 11:18:01 AM com.gargoylesoftware.htmlunit.DefaultCssErrorHandler error
WARNING: CSS error: 'http://localhost:4567/skeleton.css' [412:8] Error in media list. (Invalid token "(". Was expecting one of: <S>, <IDENT>.)
May 17, 2016 11:18:01 AM com.gargoylesoftware.htmlunit.DefaultCssErrorHandler error
WARNING: CSS error: 'http://localhost:4567/skeleton.css' [415:8] Error in media list. (Invalid token "(". Was expecting one of: <S>, <IDENT>.)
May 17, 2016 11:18:01 AM com.gargoylesoftware.htmlunit.DefaultCssErrorHandler error
WARNING: CSS error: 'http://localhost:4567/skeleton.css' [418:8] Error in media list. (Invalid token "(". Was expecting one of: <S>, <IDENT>.)
May 17, 2016 11:18:01 AM com.gargoylesoftware.htmlunit.DefaultCssErrorHandler error
WARNING: CSS error: 'http://localhost:4567/skeleton.css' [45:8] Error in media list. (Invalid token "(". Was expecting one of: <S>, <IDENT>.)
May 17, 2016 11:18:01 AM com.gargoylesoftware.htmlunit.DefaultCssErrorHandler error
WARNING: CSS error: 'http://localhost:4567/skeleton.css' [52:8] Error in media list. (Invalid token "(". Was expecting one of: <S>, <IDENT>.)
May 17, 2016 11:18:01 AM com.gargoylesoftware.htmlunit.DefaultCssErrorHandler error
WARNING: CSS error: 'http://localhost:4567/skeleton.css' [145:8] Error in media list. (Invalid token "(". Was expecting one of: <S>, <IDENT>.)
May 17, 2016 11:18:01 AM com.gargoylesoftware.htmlunit.DefaultCssErrorHandler error
WARNING: CSS error: 'http://localhost:4567/skeleton.css' [406:8] Error in media list. (Invalid token "(". Was expecting one of: <S>, <IDENT>.)
May 17, 2016 11:18:01 AM com.gargoylesoftware.htmlunit.DefaultCssErrorHandler error
WARNING: CSS error: 'http://localhost:4567/skeleton.css' [409:8] Error in media list. (Invalid token "(". Was expecting one of: <S>, <IDENT>.)
May 17, 2016 11:18:01 AM com.gargoylesoftware.htmlunit.DefaultCssErrorHandler error
WARNING: CSS error: 'http://localhost:4567/skeleton.css' [412:8] Error in media list. (Invalid token "(". Was expecting one of: <S>, <IDENT>.)
May 17, 2016 11:18:01 AM com.gargoylesoftware.htmlunit.DefaultCssErrorHandler error
WARNING: CSS error: 'http://localhost:4567/skeleton.css' [415:8] Error in media list. (Invalid token "(". Was expecting one of: <S>, <IDENT>.)
May 17, 2016 11:18:01 AM com.gargoylesoftware.htmlunit.DefaultCssErrorHandler error
WARNING: CSS error: 'http://localhost:4567/skeleton.css' [418:8] Error in media list. (Invalid token "(". Was expecting one of: <S>, <IDENT>.)
May 17, 2016 11:18:01 AM com.gargoylesoftware.htmlunit.DefaultCssErrorHandler error
WARNING: CSS error: 'http://localhost:4567/skeleton.css' [45:8] Error in media list. (Invalid token "(". Was expecting one of: <S>, <IDENT>.)
May 17, 2016 11:18:01 AM com.gargoylesoftware.htmlunit.DefaultCssErrorHandler error
WARNING: CSS error: 'http://localhost:4567/skeleton.css' [52:8] Error in media list. (Invalid token "(". Was expecting one of: <S>, <IDENT>.)
May 17, 2016 11:18:01 AM com.gargoylesoftware.htmlunit.DefaultCssErrorHandler error
WARNING: CSS error: 'http://localhost:4567/skeleton.css' [145:8] Error in media list. (Invalid token "(". Was expecting one of: <S>, <IDENT>.)
May 17, 2016 11:18:01 AM com.gargoylesoftware.htmlunit.DefaultCssErrorHandler error
WARNING: CSS error: 'http://localhost:4567/skeleton.css' [406:8] Error in media list. (Invalid token "(". Was expecting one of: <S>, <IDENT>.)
May 17, 2016 11:18:01 AM com.gargoylesoftware.htmlunit.DefaultCssErrorHandler error
WARNING: CSS error: 'http://localhost:4567/skeleton.css' [409:8] Error in media list. (Invalid token "(". Was expecting one of: <S>, <IDENT>.)
May 17, 2016 11:18:01 AM com.gargoylesoftware.htmlunit.DefaultCssErrorHandler error
WARNING: CSS error: 'http://localhost:4567/skeleton.css' [412:8] Error in media list. (Invalid token "(". Was expecting one of: <S>, <IDENT>.)
May 17, 2016 11:18:01 AM com.gargoylesoftware.htmlunit.DefaultCssErrorHandler error
WARNING: CSS error: 'http://localhost:4567/skeleton.css' [415:8] Error in media list. (Invalid token "(". Was expecting one of: <S>, <IDENT>.)
May 17, 2016 11:18:01 AM com.gargoylesoftware.htmlunit.DefaultCssErrorHandler error
WARNING: CSS error: 'http://localhost:4567/skeleton.css' [418:8] Error in media list. (Invalid token "(". Was expecting one of: <S>, <IDENT>.)
May 17, 2016 11:18:01 AM com.gargoylesoftware.htmlunit.DefaultCssErrorHandler error
WARNING: CSS error: 'http://localhost:4567/skeleton.css' [45:8] Error in media list. (Invalid token "(". Was expecting one of: <S>, <IDENT>.)
May 17, 2016 11:18:01 AM com.gargoylesoftware.htmlunit.DefaultCssErrorHandler error
WARNING: CSS error: 'http://localhost:4567/skeleton.css' [52:8] Error in media list. (Invalid token "(". Was expecting one of: <S>, <IDENT>.)
May 17, 2016 11:18:01 AM com.gargoylesoftware.htmlunit.DefaultCssErrorHandler error
WARNING: CSS error: 'http://localhost:4567/skeleton.css' [145:8] Error in media list. (Invalid token "(". Was expecting one of: <S>, <IDENT>.)
May 17, 2016 11:18:01 AM com.gargoylesoftware.htmlunit.DefaultCssErrorHandler error
WARNING: CSS error: 'http://localhost:4567/skeleton.css' [406:8] Error in media list. (Invalid token "(". Was expecting one of: <S>, <IDENT>.)
May 17, 2016 11:18:01 AM com.gargoylesoftware.htmlunit.DefaultCssErrorHandler error
WARNING: CSS error: 'http://localhost:4567/skeleton.css' [409:8] Error in media list. (Invalid token "(". Was expecting one of: <S>, <IDENT>.)
May 17, 2016 11:18:01 AM com.gargoylesoftware.htmlunit.DefaultCssErrorHandler error
WARNING: CSS error: 'http://localhost:4567/skeleton.css' [412:8] Error in media list. (Invalid token "(". Was expecting one of: <S>, <IDENT>.)
May 17, 2016 11:18:01 AM com.gargoylesoftware.htmlunit.DefaultCssErrorHandler error
WARNING: CSS error: 'http://localhost:4567/skeleton.css' [415:8] Error in media list. (Invalid token "(". Was expecting one of: <S>, <IDENT>.)
May 17, 2016 11:18:01 AM com.gargoylesoftware.htmlunit.DefaultCssErrorHandler error
WARNING: CSS error: 'http://localhost:4567/skeleton.css' [418:8] Error in media list. (Invalid token "(". Was expecting one of: <S>, <IDENT>.)
[Test worker] INFO spark.webserver.JettySparkServer - >>> Spark shutting down ...
[Test worker] INFO org.eclipse.jetty.server.ServerConnector - Stopped ServerConnector@4ba848cb{HTTP/1.1,[http/1.1]}{0.0.0.0:4567}
[Test worker] INFO spark.webserver.JettySparkServer - done
]]></system-err>
</testsuite>
