<?xml version="1.0" encoding="UTF-8"?>
<testsuite name="WordTest" tests="7" skipped="0" failures="0" errors="0" timestamp="2016-05-02T21:37:07" hostname="epicodus-42.local" time="0.002">
  <properties/>
  <testcase name="getWord_getsUserInputedWord" classname="WordTest" time="0.0"/>
  <testcase name="newDefinition_addsNewDefinitions_true" classname="WordTest" time="0.0"/>
  <testcase name="Word_instantiatesCorrectly_true" classname="WordTest" time="0.0"/>
  <testcase name="find_returnsNullWhenNoWordFound_null" classname="WordTest" time="0.0"/>
  <testcase name="find_returnsWordsWithSameId" classname="WordTest" time="0.0"/>
  <testcase name="getId_wordsInstantiateWithAnId" classname="WordTest" time="0.0"/>
  <testcase name="all_returnsAllInstancesOfWord_true" classname="WordTest" time="0.001"/>
  <system-out><![CDATA[]]></system-out>
  <system-err><![CDATA[]]></system-err>
</testsuite>
